

============================== 2022-11-16 08:49:43.703808 | ff62b26a-c88c-449a-a05f-bb7eee788eff ==============================
[0m08:49:43.703808 [info ] [MainThread]: Running with dbt=1.3.0
[0m08:49:43.704807 [debug] [MainThread]: running dbt with arguments {'write_json': True, 'use_colors': True, 'printer_width': 80, 'version_check': True, 'partial_parse': True, 'static_parser': True, 'profiles_dir': 'C:\\Users\\UstOldfield\\.dbt', 'send_anonymous_usage_stats': True, 'event_buffer_size': 100000, 'quiet': False, 'no_print': False, 'project_name': 'jaffle_shop', 'skip_profile_setup': False, 'which': 'init', 'indirect_selection': 'eager'}
[0m08:49:43.704807 [debug] [MainThread]: Tracking: tracking
[0m08:49:43.729035 [debug] [MainThread]: Sending event: {'category': 'dbt', 'action': 'invocation', 'label': 'start', 'context': [<snowplow_tracker.self_describing_json.SelfDescribingJson object at 0x000001C5325A4160>, <snowplow_tracker.self_describing_json.SelfDescribingJson object at 0x000001C5325789A0>, <snowplow_tracker.self_describing_json.SelfDescribingJson object at 0x000001C532578700>]}
[0m08:49:43.730041 [info ] [MainThread]: Creating dbt configuration folder at C:\Users\UstOldfield\.dbt
[0m08:49:43.731040 [debug] [MainThread]: Flushing usage events


============================== 2022-11-16 08:50:28.926853 | a60b7349-5b45-43fd-90e9-f37c0ac02710 ==============================
[0m08:50:28.926853 [info ] [MainThread]: Running with dbt=1.3.0
[0m08:50:28.927398 [debug] [MainThread]: running dbt with arguments {'write_json': True, 'use_colors': True, 'printer_width': 80, 'version_check': True, 'partial_parse': True, 'static_parser': True, 'profiles_dir': 'C:\\Users\\UstOldfield\\.dbt', 'send_anonymous_usage_stats': True, 'event_buffer_size': 100000, 'quiet': False, 'no_print': False, 'project_name': 'jaffle-shop', 'skip_profile_setup': False, 'which': 'init', 'indirect_selection': 'eager'}
[0m08:50:28.927398 [debug] [MainThread]: Tracking: tracking
[0m08:50:28.948009 [debug] [MainThread]: Sending event: {'category': 'dbt', 'action': 'invocation', 'label': 'start', 'context': [<snowplow_tracker.self_describing_json.SelfDescribingJson object at 0x00000195564F4160>, <snowplow_tracker.self_describing_json.SelfDescribingJson object at 0x00000195564C89A0>, <snowplow_tracker.self_describing_json.SelfDescribingJson object at 0x00000195564C8700>]}
[0m08:50:28.950009 [debug] [MainThread]: Flushing usage events


============================== 2022-11-16 08:52:27.689165 | 3b62a31b-5bc2-4298-bf3c-485e1945aee9 ==============================
[0m08:52:27.689165 [info ] [MainThread]: Running with dbt=1.3.0
[0m08:52:27.690155 [debug] [MainThread]: running dbt with arguments {'write_json': True, 'use_colors': True, 'printer_width': 80, 'version_check': True, 'partial_parse': True, 'static_parser': True, 'profiles_dir': 'C:\\Users\\UstOldfield\\.dbt', 'send_anonymous_usage_stats': True, 'event_buffer_size': 100000, 'quiet': False, 'no_print': False, 'project_name': 'jaffle_shop', 'skip_profile_setup': False, 'which': 'init', 'indirect_selection': 'eager'}
[0m08:52:27.690155 [debug] [MainThread]: Tracking: tracking
[0m08:52:27.709171 [debug] [MainThread]: Sending event: {'category': 'dbt', 'action': 'invocation', 'label': 'start', 'context': [<snowplow_tracker.self_describing_json.SelfDescribingJson object at 0x0000020A73B55070>, <snowplow_tracker.self_describing_json.SelfDescribingJson object at 0x0000020A73B28A90>, <snowplow_tracker.self_describing_json.SelfDescribingJson object at 0x0000020A73B28280>]}
[0m08:52:27.711206 [debug] [MainThread]: Starter project path: C:\Users\UstOldfield\AppData\Local\Programs\Python\Python39\lib\site-packages\dbt\include\starter_project
[0m08:53:21.561861 [info ] [MainThread]: Profile jaffle_shop written to C:\Users\UstOldfield\.dbt\profiles.yml using target's profile_template.yml and your supplied values. Run 'dbt debug' to validate the connection.
[0m08:53:21.561861 [info ] [MainThread]: 
Your new dbt project "jaffle_shop" was created!

For more information on how to configure the profiles.yml file,
please consult the dbt documentation here:

  https://docs.getdbt.com/docs/configure-your-profile

One more thing:

Need help? Don't hesitate to reach out to us via GitHub issues or on Slack:

  https://community.getdbt.com/

Happy modeling!

[0m08:53:21.563861 [debug] [MainThread]: Sending event: {'category': 'dbt', 'action': 'invocation', 'label': 'end', 'context': [<snowplow_tracker.self_describing_json.SelfDescribingJson object at 0x0000020A73B28A90>, <snowplow_tracker.self_describing_json.SelfDescribingJson object at 0x0000020A73B28C70>, <snowplow_tracker.self_describing_json.SelfDescribingJson object at 0x0000020A73B28F40>]}
[0m08:53:21.563861 [debug] [MainThread]: Flushing usage events
